C51 COMPILER V8.16   PROJECT                                                               05/05/2013 22:50:46 PAGE 1   


C51 COMPILER V8.16, COMPILATION OF MODULE PROJECT
OBJECT MODULE PLACED IN project.OBJ
COMPILER INVOKED BY: C:\Keil\C51\BIN\C51.EXE project.c BROWSE DEBUG OBJECTEXTEND

line level    source

   1          #include<reg51.h> 
   2          void timer() 
   3          { 
   4   1      TF0=0; 
   5   1      TMOD=0X01; 
   6   1      TH0=0X3C; 
   7   1      TL0=0X60; 
   8   1      TR0=1; 
   9   1      while(TF0==0); 
  10   1      TF0=0; 
  11   1      }  
  12          void delay(unsigned int sec) 
  13          { 
  14   1       unsigned int i,j;        
  15   1       for(i=0;i<=sec;i++) 
  16   1       for(j=0;j<=10;j++) 
  17   1       { 
  18   2       timer(); 
  19   2       } 
  20   1      }  
  21          void disp(unsigned int a) 
  22          { 
  23   1       int j; 
  24   1       unsigned int i[]={0XC0,0XF9,0XA4,0XB0,0X99,0X92,0X82,0XF8,0X80,0X98}; 
  25   1       for(j=a;j>=0;j--) 
  26   1       { 
  27   2       P1=i[j]; 
  28   2       delay(1); 
  29   2       } 
  30   1      }  
  31          void main() 
  32          { 
  33   1       while(1) 
  34   1       { 
  35   2       P2=0x87; 
  36   2       P3=0xFF; 
  37   2       disp(9); 
  38   2       P3=0x30; 
  39   2       disp(2); 
  40   2       P2=0x4b; 
  41   2       P3=0xFF; 
  42   2       disp(9); 
  43   2       P3=0x90; 
  44   2       disp(2); 
  45   2       P2=0x2D; 
  46   2       P3=0xFF; 
  47   2       disp(9); 
  48   2       P3=0xC0; 
  49   2       disp(2); 
  50   2       P2=0x1E; 
  51   2       P3=0xFF; 
  52   2       disp(9); 
  53   2       P3=0x60; 
  54   2       disp(2); 
  55   2       } 
C51 COMPILER V8.16   PROJECT                                                               05/05/2013 22:50:46 PAGE 2   

  56   1      }


MODULE INFORMATION:   STATIC OVERLAYABLE
   CODE SIZE        =    195    ----
   CONSTANT SIZE    =     20    ----
   XDATA SIZE       =   ----    ----
   PDATA SIZE       =   ----    ----
   DATA SIZE        =   ----      22
   IDATA SIZE       =   ----    ----
   BIT SIZE         =   ----    ----
END OF MODULE INFORMATION.


C51 COMPILATION COMPLETE.  0 WARNING(S),  0 ERROR(S)
